<?xml version="1.0" encoding="UTF-8"?>
<!-- Generated by org.testng.reporters.JUnitReportReporter -->
<testsuite hostname="L-BRZN6HJG3Q-M.local" name="SeatingManagerTest" tests="1" failures="0" timestamp="16 May 2016 02:42:10 GMT" time="0.009" errors="0">
  <testcase name="testAllocationGroups" time="0.009" classname="SeatingManagerTest"/>
</testsuite> <!-- SeatingManagerTest -->
