<?xml version="1.0" encoding="UTF-8"?>
<!-- Generated by org.testng.reporters.JUnitReportReporter -->
<testsuite hostname="L-BRZN6HJG3Q-M.local" name="TreeNodeTest" tests="4" failures="0" timestamp="16 May 2016 02:42:10 GMT" time="0.002" errors="0">
  <testcase name="testTreeNodeNullNode" time="0.001" classname="TreeNodeTest"/>
  <testcase name="testTreeNodeSuccess" time="0.000" classname="TreeNodeTest"/>
  <testcase name="testTreeNodeNoParentNode" time="0.001" classname="TreeNodeTest"/>
  <testcase name="testTreeNodeNoParenNode2" time="0.000" classname="TreeNodeTest"/>
</testsuite> <!-- TreeNodeTest -->
